2020-07-08 01:58:41.883 +10:00 [INF] : Discord.Net v2.0.1 (API v6)
2020-07-08 01:58:42.534 +10:00 [INF] : Connecting
2020-07-08 01:58:43.588 +10:00 [INF] : Connected
2020-07-08 01:58:44.083 +10:00 [INF] Connected as -> [] :)
2020-07-08 01:58:44.084 +10:00 [INF] We are on [] servers
2020-07-08 01:58:44.084 +10:00 [INF] : Ready
2020-07-08 02:20:11.517 +10:00 [INF] : Discord.Net v2.0.1 (API v6)
2020-07-08 02:20:12.248 +10:00 [INF] : Connecting
2020-07-08 02:20:13.279 +10:00 [INF] : Connected
2020-07-08 02:20:13.768 +10:00 [INF] Connected as -> [Atlas Resource Bot#4207] :)
2020-07-08 02:20:13.769 +10:00 [INF] : Ready
2020-07-08 18:09:39.476 +10:00 [INF] : Discord.Net v2.0.1 (API v6)
2020-07-08 18:09:40.192 +10:00 [INF] : Connecting
2020-07-08 18:09:41.255 +10:00 [INF] : Connected
2020-07-08 18:09:41.743 +10:00 [INF] : Connected as -> [Atlas Resource Bot#4207] :)
2020-07-08 18:09:41.745 +10:00 [INF] : Ready
2020-07-08 18:09:56.764 +10:00 [INF] : Discord.Net v2.0.1 (API v6)
2020-07-08 18:09:57.603 +10:00 [INF] : Connecting
2020-07-08 18:09:58.666 +10:00 [INF] : Connected
2020-07-08 18:09:59.155 +10:00 [INF] : Connected as -> [Atlas Resource Bot#4207] :)
2020-07-08 18:09:59.155 +10:00 [INF] : Ready
2020-07-08 18:10:23.053 +10:00 [INF] : Discord.Net v2.0.1 (API v6)
2020-07-08 18:10:23.734 +10:00 [INF] : Connecting
2020-07-08 18:10:24.692 +10:00 [INF] : Connected
2020-07-08 18:10:25.203 +10:00 [INF] : Connected as -> [Atlas Resource Bot#4207] :)
2020-07-08 18:10:25.203 +10:00 [INF] : Ready
2020-07-08 18:18:43.124 +10:00 [INF] : Discord.Net v2.0.1 (API v6)
2020-07-08 18:18:43.860 +10:00 [INF] : Connecting
2020-07-08 18:18:45.003 +10:00 [INF] : Connected
2020-07-08 18:18:45.486 +10:00 [INF] : Connected as -> [Atlas Resource Bot#4207] :)
2020-07-08 18:18:45.487 +10:00 [INF] : Ready
2020-07-08 18:42:35.116 +10:00 [INF] : Discord.Net v2.0.1 (API v6)
2020-07-08 18:42:35.640 +10:00 [INF] : Connecting
2020-07-08 18:42:36.580 +10:00 [INF] : Connected
2020-07-08 18:42:37.083 +10:00 [INF] : Connected as -> [Atlas Resource Bot#4207] :)
2020-07-08 18:42:37.083 +10:00 [INF] : Ready
2020-07-08 18:54:51.181 +10:00 [INF] : Discord.Net v2.0.1 (API v6)
2020-07-08 18:54:51.794 +10:00 [INF] : Connecting
2020-07-08 18:54:52.852 +10:00 [INF] : Connected
2020-07-08 18:54:53.353 +10:00 [INF] : Connected as -> [Atlas Resource Bot#4207] :)
2020-07-08 18:54:53.354 +10:00 [INF] : Ready
2020-07-08 19:42:42.324 +10:00 [INF] : Discord.Net v2.0.1 (API v6)
2020-07-08 19:42:42.887 +10:00 [INF] : Connecting
2020-07-08 19:42:43.817 +10:00 [INF] : Connected
2020-07-08 19:42:44.314 +10:00 [INF] : Connected as -> [Atlas Resource Bot#4207] :)
2020-07-08 19:42:44.314 +10:00 [INF] : Ready
2020-07-08 19:44:08.982 +10:00 [INF] : Discord.Net v2.0.1 (API v6)
2020-07-08 19:44:09.490 +10:00 [INF] : Connecting
2020-07-08 19:44:10.453 +10:00 [INF] : Connected
2020-07-08 19:44:10.955 +10:00 [INF] : Connected as -> [Atlas Resource Bot#4207] :)
2020-07-08 19:44:10.955 +10:00 [INF] : Ready
2020-07-08 19:52:18.255 +10:00 [INF] : Discord.Net v2.0.1 (API v6)
2020-07-08 19:52:18.782 +10:00 [INF] : Connecting
2020-07-08 19:52:19.765 +10:00 [INF] : Connected
2020-07-08 19:52:20.254 +10:00 [INF] : Connected as -> [Atlas Resource Bot#4207] :)
2020-07-08 19:52:20.254 +10:00 [INF] : Ready
2020-07-08 20:33:52.165 +10:00 [WRN] : System.Exception: Server requested a reconnect
   at Discord.ConnectionManager.<>c__DisplayClass29_0.<<StartAsync>b__0>d.MoveNext()
2020-07-08 20:33:52.166 +10:00 [INF] : Disconnecting
2020-07-08 20:33:52.181 +10:00 [INF] : Disconnected
2020-07-08 20:33:53.192 +10:00 [INF] : Connecting
2020-07-08 20:33:53.901 +10:00 [WRN] : Failed to resume previous session
2020-07-08 20:33:54.257 +10:00 [INF] : Connected
2020-07-08 20:33:54.766 +10:00 [INF] : Connected as -> [Atlas Resource Bot#4207] :)
2020-07-08 20:33:54.767 +10:00 [INF] : Ready
2020-07-08 21:00:20.841 +10:00 [WRN] : System.Exception: Server requested a reconnect
   at Discord.ConnectionManager.<>c__DisplayClass29_0.<<StartAsync>b__0>d.MoveNext()
2020-07-08 21:00:20.841 +10:00 [INF] : Disconnecting
2020-07-08 21:00:20.842 +10:00 [INF] : Disconnected
2020-07-08 21:00:21.843 +10:00 [INF] : Connecting
2020-07-08 21:00:22.564 +10:00 [WRN] : Failed to resume previous session
2020-07-08 21:00:22.946 +10:00 [INF] : Connected
2020-07-08 21:00:23.447 +10:00 [INF] : Connected as -> [Atlas Resource Bot#4207] :)
2020-07-08 21:00:23.447 +10:00 [INF] : Ready
2020-07-08 23:28:04.290 +10:00 [INF] : Discord.Net v2.0.1 (API v6)
2020-07-08 23:28:05.107 +10:00 [INF] : Connecting
2020-07-08 23:28:06.108 +10:00 [INF] : Connected
2020-07-08 23:28:06.601 +10:00 [INF] : Connected as -> [Atlas Resource Bot#4207] :)
2020-07-08 23:28:06.601 +10:00 [INF] : Ready
2020-07-08 23:28:23.706 +10:00 [WRN] : A MessageReceived handler is blocking the gateway task.
2020-07-08 23:29:21.804 +10:00 [WRN] : A MessageReceived handler is blocking the gateway task.
2020-07-08 23:29:21.858 +10:00 [WRN] : System.Exception: WebSocket connection was closed
 ---> Discord.Net.WebSocketClosedException: The server sent close 1000: ""
   at Discord.Net.WebSockets.DefaultWebSocketClient.RunAsync(CancellationToken cancelToken)
   --- End of inner exception stack trace ---
   at Discord.ConnectionManager.<>c__DisplayClass29_0.<<StartAsync>b__0>d.MoveNext()
2020-07-08 23:29:21.859 +10:00 [INF] : Disconnecting
2020-07-08 23:29:21.867 +10:00 [INF] : Disconnected
2020-07-08 23:29:22.877 +10:00 [INF] : Connecting
2020-07-08 23:29:23.569 +10:00 [INF] : Connected
2020-07-08 23:29:23.569 +10:00 [INF] : Resumed previous session
2020-07-08 23:33:02.602 +10:00 [INF] : Discord.Net v2.0.1 (API v6)
2020-07-08 23:33:03.592 +10:00 [INF] : Connecting
2020-07-08 23:33:04.763 +10:00 [INF] : Connected
2020-07-08 23:33:05.253 +10:00 [INF] : Connected as -> [Atlas Resource Bot#4207] :)
2020-07-08 23:33:05.255 +10:00 [INF] : Ready
2020-07-08 23:34:01.178 +10:00 [INF] : Discord.Net v2.0.1 (API v6)
2020-07-08 23:34:01.946 +10:00 [INF] : Connecting
2020-07-08 23:34:02.921 +10:00 [INF] : Connected
2020-07-08 23:34:03.413 +10:00 [INF] : Connected as -> [Atlas Resource Bot#4207] :)
2020-07-08 23:34:03.414 +10:00 [INF] : Ready
